<?xml version="1.0" encoding="UTF-8"?>
<testng-results ignored="0" total="1" passed="1" failed="0" skipped="0">
  <reporter-output>
  </reporter-output>
  <suite started-at="2021-02-17T12:27:41 EST" name="Default suite" finished-at="2021-02-17T12:27:46 EST" duration-ms="4702">
    <groups>
    </groups>
    <test started-at="2021-02-17T12:27:41 EST" name="Default test" finished-at="2021-02-17T12:27:46 EST" duration-ms="4702">
      <class name="ExtentReports.jenkinReports.singleTest">
        <test-method is-config="true" signature="config()[pri:0, instance:ExtentReports.jenkinReports.singleTest@e1de817]" started-at="2021-02-17T12:27:41 EST" name="config" finished-at="2021-02-17T12:27:41 EST" duration-ms="127" status="PASS">
          <reporter-output>
          </reporter-output>
        </test-method> <!-- config -->
        <test-method signature="test1()[pri:0, instance:ExtentReports.jenkinReports.singleTest@e1de817]" started-at="2021-02-17T12:27:41 EST" name="test1" finished-at="2021-02-17T12:27:46 EST" duration-ms="4554" status="PASS">
          <reporter-output>
          </reporter-output>
        </test-method> <!-- test1 -->
      </class> <!-- ExtentReports.jenkinReports.singleTest -->
    </test> <!-- Default test -->
  </suite> <!-- Default suite -->
</testng-results>
