<?xml version="1.0" encoding="UTF-8"?>
<!-- Generated by org.testng.reporters.JUnitXMLReporter -->
<testsuite ignored="0" hostname="Shabarishs-MBP.lan" failures="0" tests="5" name="All" time="0.043" errors="0" timestamp="2021-02-17T01:07:21 EST">
  <testcase classname="testNGPracticePackage.basicsOne" name="Demo" time="0.003"/>
  <testcase classname="testNGPracticePackage.basicsTwo" name="Demo1" time="0.001"/>
  <testcase classname="testNGPracticePackage.basicsThree" name="apiLoginCarLoan" time="0.0"/>
  <testcase classname="testNGPracticePackage.basicsThree" name="webLoginCarLoan" time="0.0"/>
  <testcase classname="testNGPracticePackage.basicsFour" name="mobileLoginHomeLoan" time="0.001"/>
</testsuite> <!-- All -->
