<?xml version="1.0" encoding="UTF-8"?>
<!-- Generated by org.testng.reporters.JUnitXMLReporter -->
<testsuite ignored="1" hostname="Shabarishs-MBP.lan" failures="0" tests="2" name="Car Loan" time="0.005" errors="0" timestamp="2021-02-16T23:45:52 EST">
  <testcase classname="testNGPracticePackage.basicsThree" name="apiLoginCarLoan" time="0.001"/>
  <testcase classname="testNGPracticePackage.basicsThree" name="webLoginCarLoan" time="0.001"/>
  <testcase classname="testNGPracticePackage.basicsThree" name="mobileLoginCarLoan" time="0.0">
    <ignored/>
  </testcase> <!-- mobileLoginCarLoan -->
</testsuite> <!-- Car Loan -->
