<?xml version="1.0" encoding="UTF-8"?>
<!-- Generated by org.testng.reporters.JUnitXMLReporter -->
<testsuite ignored="0" hostname="Shabarishs-MBP.lan" failures="0" tests="3" name="Home Loan" time="0.005" errors="0" timestamp="2021-02-16T23:45:52 EST">
  <testcase classname="testNGPracticePackage.basicsFour" name="apiLoginHomeLoan" time="0.0"/>
  <testcase classname="testNGPracticePackage.basicsFour" name="mobileLoginHomeLoan" time="0.001"/>
  <testcase classname="testNGPracticePackage.basicsFour" name="webLoginHomeLoan" time="0.001"/>
</testsuite> <!-- Home Loan -->
