<?xml version="1.0" encoding="UTF-8"?>
<!-- Generated by org.testng.reporters.JUnitXMLReporter -->
<testsuite ignored="0" hostname="Shabarishs-MBP.lan" failures="0" tests="8" name="Test" time="0.042" errors="0" timestamp="2021-02-16T23:54:05 EST">
  <testcase classname="testNGPracticePackage.basicsOne" name="Demo" time="0.004"/>
  <testcase classname="testNGPracticePackage.basicsThree" name="apiLoginCarLoan" time="0.001"/>
  <testcase classname="testNGPracticePackage.basicsThree" name="mobileLoginCarLoan" time="0.0"/>
  <testcase classname="testNGPracticePackage.basicsThree" name="webLoginCarLoan" time="0.001"/>
  <testcase classname="testNGPracticePackage.basicsTwo" name="Demo1" time="0.001"/>
  <testcase classname="testNGPracticePackage.basicsFour" name="apiLoginHomeLoan" time="0.0"/>
  <testcase classname="testNGPracticePackage.basicsFour" name="mobileLoginHomeLoan" time="0.001"/>
  <testcase classname="testNGPracticePackage.basicsFour" name="webLoginHomeLoan" time="0.001"/>
</testsuite> <!-- Test -->
