<?xml version="1.0" encoding="UTF-8"?>
<testng-results ignored="0" total="1" passed="1" failed="0" skipped="0">
  <reporter-output>
  </reporter-output>
  <suite started-at="2021-02-21T15:17:01 EST" name="Default suite" finished-at="2021-02-21T15:17:16 EST" duration-ms="14632">
    <groups>
    </groups>
    <test started-at="2021-02-21T15:17:01 EST" name="Default test" finished-at="2021-02-21T15:17:16 EST" duration-ms="14632">
      <class name="testCases.LoginPage">
        <test-method signature="login()[pri:0, instance:testCases.LoginPage@10aa41f2]" started-at="2021-02-21T15:17:01 EST" name="login" finished-at="2021-02-21T15:17:16 EST" duration-ms="14608" status="PASS">
          <reporter-output>
          </reporter-output>
        </test-method> <!-- login -->
      </class> <!-- testCases.LoginPage -->
    </test> <!-- Default test -->
  </suite> <!-- Default suite -->
</testng-results>
